This is pdfTeX, Version 3.141592653-2.6-1.40.28 (TeX Live 2025) (preloaded format=pdflatex 2025.6.1)  6 JUN 2025 21:11
entering extended mode
 restricted \write18 enabled.
 file:line:error style messages enabled.
 %&-line parsing enabled.
**main.tex
(./main.tex
LaTeX2e <2024-11-01> patch level 2
L3 programming layer <2025-04-29>
(./revtex4-1.cls
Document Class: revtex4-1 2020/09/30 4.1s (http://publish.aps.org/revtex4/ for 
documentation)
 Copyright (c) 2009 The American Physical Society.
 mailto:revtex@aps.org
 Licensed under the LPPL:
http://www.ctan.org/tex-archive/macros/latex/base/lppl.txt
 Arthur Ogawa <arthur_ogawa at sbcglobal dot net>
 Based on work by David Carlisle <david at dcarlisle.demon.co.uk>.
ltxutil[2020/09/30 4.1s utilities package (portions licensed from W. E. Baxter 
web at superscript.com)]
LaTeX Info: Redefining \@centercr on input line 346.
Class revtex4-1 Info: Repairing hyperref-unfriendly LaTeX definition of \mpfoot
note on input line 471.
Class revtex4-1 Info: Repairing broken LateX \@sect on input line 793.
\intertabularlinepenalty=\count272
\@tbpen=\count273
\@arstrutbox@hline=\box53
Class revtex4-1 Info: Repairing broken LaTeX \@xbitor on input line 1824.
Class revtex4-1 Info: Making \typeout \long on input line 2089.
ltxfront[2020/09/30 4.1s frontmatter package (AO,DPC)]
\c@affil=\count274
\c@collab=\count275
\absbox=\box54
ltxgrid[2020/09/30 4.1s page grid package (portions licensed from W. E. Baxter 
web at superscript.com)]
\c@linecount=\count276
\output@latex=\toks17
\box@size@1=\box55
\box@size@2=\box56
\@protection@box=\box57
\@topmark@saved=\toks18
\footins@saved=\box58
\footins@recovered=\box59
\column@recovered=\box60
\pagesofar=\box61
\footsofar=\box62
\pagegrid@col=\count277
Class revtex4-1 Info: Overriding \@vspace, \@vspacer, \@no@pgbk, \@newline, and
 \\  on input line 5655.
\c@part=\count278
\c@section=\count279
\c@subsection=\count280
\c@subsubsection=\count281
\c@paragraph=\count282
\c@subparagraph=\count283
\abovecaptionskip=\skip49
\belowcaptionskip=\skip50
\c@figure=\count284
\fbox@1=\box63
\c@table=\count285
\fbox@2=\box64
\c@video=\count286
\fbox@4=\box65
\@bibdataout=\write3
\widetext@top=\box66
\widetext@bot=\box67
Class revtex4-1 Info: Selecting society aip on input line 7616.
(./aip4-1.rtx
File: aip4-1.rtx 2010/07/25 4.1r AIP substyle for REVTeX
Class revtex4-1 Info: RevTeX society AIP selected on input line 75.
)

Class revtex4-1 Warning: No journal specified, using default cha.

Using journal substyle cha.
Class revtex4-1 Info: Reading file aps10pt4-1.rtx on input line 7621.
(/opt/texlive/texdir/texmf-dist/tex/latex/revtex4-1/aps10pt4-1.rtx
File: aps10pt4-1 2020/09/30 4.1s (http://publish.aps.org/revtex4/ for documenta
tion)
Class revtex4-1 Info: RevTeX pointsize 10pt selected on input line 30.
)
Class revtex4-1 Info: Overriding 10pt on input line 7621.

(/opt/texlive/texdir/texmf-dist/tex/latex/textcase/textcase.sty
Package: textcase 2025/02/16 v1.05 Text only upper/lower case changing (DPC)
Package textcase Info: Defining Legacy names on input line 20.
)
(/opt/texlive/texdir/texmf-dist/tex/latex/amsfonts/amssymb.sty
Package: amssymb 2013/01/14 v3.01 AMS font symbols

(/opt/texlive/texdir/texmf-dist/tex/latex/amsfonts/amsfonts.sty
Package: amsfonts 2013/01/14 v3.01 Basic AMSFonts support
\@emptytoks=\toks19
\symAMSa=\mathgroup4
\symAMSb=\mathgroup5
LaTeX Font Info:    Redeclaring math symbol \hbar on input line 98.
LaTeX Font Info:    Overwriting math alphabet `\mathfrak' in version `bold'
(Font)                  U/euf/m/n --> U/euf/b/n on input line 106.
))
(/opt/texlive/texdir/texmf-dist/tex/latex/amsmath/amsmath.sty
Package: amsmath 2024/11/05 v2.17t AMS math features
\@mathmargin=\skip51

For additional information on amsmath, use the `?' option.
(/opt/texlive/texdir/texmf-dist/tex/latex/amsmath/amstext.sty
Package: amstext 2021/08/26 v2.01 AMS text

(/opt/texlive/texdir/texmf-dist/tex/latex/amsmath/amsgen.sty
File: amsgen.sty 1999/11/30 v2.0 generic functions
\@emptytoks=\toks20
\ex@=\dimen146
)
LaTeX Info: Redefining \text on input line 28.
)
(/opt/texlive/texdir/texmf-dist/tex/latex/amsmath/amsbsy.sty
Package: amsbsy 1999/11/29 v1.2d Bold Symbols
\pmbraise@=\dimen147
)
(/opt/texlive/texdir/texmf-dist/tex/latex/amsmath/amsopn.sty
Package: amsopn 2022/04/08 v2.04 operator names
)
\inf@bad=\count287
LaTeX Info: Redefining \frac on input line 233.
\uproot@=\count288
\leftroot@=\count289
LaTeX Info: Redefining \overline on input line 398.
LaTeX Info: Redefining \colon on input line 409.
\classnum@=\count290
\DOTSCASE@=\count291
LaTeX Info: Redefining \ldots on input line 495.
LaTeX Info: Redefining \dots on input line 498.
LaTeX Info: Redefining \cdots on input line 619.
\Mathstrutbox@=\box68
\strutbox@=\box69
LaTeX Info: Redefining \big on input line 721.
LaTeX Info: Redefining \Big on input line 722.
LaTeX Info: Redefining \bigg on input line 723.
LaTeX Info: Redefining \Bigg on input line 724.
\big@size=\dimen148
LaTeX Font Info:    Redeclaring font encoding OML on input line 742.
LaTeX Font Info:    Redeclaring font encoding OMS on input line 743.
\macc@depth=\count292
LaTeX Info: Redefining \bmod on input line 904.
LaTeX Info: Redefining \pmod on input line 909.
LaTeX Info: Redefining \smash on input line 939.
LaTeX Info: Redefining \relbar on input line 969.
LaTeX Info: Redefining \Relbar on input line 970.
\c@MaxMatrixCols=\count293
\dotsspace@=\muskip17
\c@parentequation=\count294
\dspbrk@lvl=\count295
\tag@help=\toks21
\row@=\count296
\column@=\count297
\maxfields@=\count298
\andhelp@=\toks22
\eqnshift@=\dimen149
\alignsep@=\dimen150
\tagshift@=\dimen151
\tagwidth@=\dimen152
\totwidth@=\dimen153
\lineht@=\dimen154
\@envbody=\toks23
\multlinegap=\skip52
\multlinetaggap=\skip53
\mathdisplay@stack=\toks24
LaTeX Info: Redefining \[ on input line 2953.
LaTeX Info: Redefining \] on input line 2954.
)
(/opt/texlive/texdir/texmf-dist/tex/latex/url/url.sty
\Urlmuskip=\muskip18
Package: url 2013/09/16  ver 3.4  Verb mode for urls, etc.
)
(/opt/texlive/texdir/texmf-dist/tex/latex/natbib/natbib.sty
Package: natbib 2010/09/13 8.31b (PWD, AO)
\bibhang=\skip54
\bibsep=\skip55
LaTeX Info: Redefining \cite on input line 694.
\c@NAT@ctr=\count299
)
Class revtex4-1 Info: Repairing natbib's \BibitemShut on input line 7623.
 (./revsymb4-1.sty
Package: revsymb4-1 2010/07/25/20:33:00 4.1r (http://publish.aps.org/revtex4/ f
or documentation)
LaTeX Info: Redefining \frak on input line 95.
LaTeX Info: Redefining \Bbb on input line 111.
LaTeX Info: Redefining \REV@mathfrak on input line 119.
)) (/opt/texlive/texdir/texmf-dist/tex/latex/graphics/graphicx.sty
Package: graphicx 2021/09/16 v1.2d Enhanced LaTeX Graphics (DPC,SPQR)

(/opt/texlive/texdir/texmf-dist/tex/latex/graphics/keyval.sty
Package: keyval 2022/05/29 v1.15 key=value parser (DPC)
\KV@toks@=\toks25
)
(/opt/texlive/texdir/texmf-dist/tex/latex/graphics/graphics.sty
Package: graphics 2024/08/06 v1.4g Standard LaTeX Graphics (DPC,SPQR)

(/opt/texlive/texdir/texmf-dist/tex/latex/graphics/trig.sty
Package: trig 2023/12/02 v1.11 sin cos tan (DPC)
)
(/opt/texlive/texdir/texmf-dist/tex/latex/graphics-cfg/graphics.cfg
File: graphics.cfg 2016/06/04 v1.11 sample graphics configuration
)
Package graphics Info: Driver file: pdftex.def on input line 106.

(/opt/texlive/texdir/texmf-dist/tex/latex/graphics-def/pdftex.def
File: pdftex.def 2024/04/13 v1.2c Graphics/color driver for pdftex
))
\Gin@req@height=\dimen155
\Gin@req@width=\dimen156
)
(/opt/texlive/texdir/texmf-dist/tex/latex/tools/dcolumn.sty
Package: dcolumn 2023/07/08 v1.06 decimal alignment package (DPC)

(/opt/texlive/texdir/texmf-dist/tex/latex/tools/array.sty
Package: array 2024/10/17 v2.6g Tabular extension package (FMi)
\col@sep=\dimen157
\ar@mcellbox=\box70
\extrarowheight=\dimen158
\NC@list=\toks26
\extratabsurround=\skip56
\backup@length=\skip57
\ar@cellbox=\box71
))
(/opt/texlive/texdir/texmf-dist/tex/latex/tools/bm.sty
Package: bm 2023/12/19 v1.2f Bold Symbol Support (DPC/FMi)
\symboldoperators=\mathgroup6
\symboldletters=\mathgroup7
\symboldsymbols=\mathgroup8
Package bm Info: No bold for \OMX/cmex/m/n, using \pmb.
Package bm Info: No bold for \U/msa/m/n, using \pmb.
Package bm Info: No bold for \U/msb/m/n, using \pmb.
LaTeX Font Info:    Redeclaring math alphabet \mathbf on input line 149.
LaTeX Info: Redefining \bm on input line 219.
)
(/opt/texlive/texdir/texmf-dist/tex/latex/caption/subcaption.sty
Package: subcaption 2023/07/28 v1.6b Sub-captions (AR)

(/opt/texlive/texdir/texmf-dist/tex/latex/caption/caption.sty
Package: caption 2023/08/05 v3.6o Customizing captions (AR)

(/opt/texlive/texdir/texmf-dist/tex/latex/caption/caption3.sty
Package: caption3 2023/07/31 v2.4d caption3 kernel (AR)
\caption@tempdima=\dimen159
\captionmargin=\dimen160
\caption@leftmargin=\dimen161
\caption@rightmargin=\dimen162
\caption@width=\dimen163
\caption@indent=\dimen164
\caption@parindent=\dimen165
\caption@hangindent=\dimen166
Package caption Info: Unknown document class (or package),
(caption)             standard defaults will be used.
Package caption Info: \@makecaption = \long macro:#1#2->\par \vskip \abovecapti
onskip \begingroup \small \rmfamily \sbox \@tempboxa {\let \\\heading@cr \@make
@capt@title {#1}{#2}}\@ifdim {\wd \@tempboxa >\hsize }{\begingroup \samepage \f
lushing \let \footnote \@footnotemark@gobble \@make@capt@title {#1}{#2}\par \en
dgroup }{\global \@minipagefalse \hb@xt@ \hsize {\hfil \unhbox \@tempboxa \hfil
 }}\endgroup \vskip \belowcaptionskip  on input line 1175.
)

Package caption Warning: Unknown document class (or package),
(caption)                standard defaults will be used.
See the caption package documentation for explanation.

\c@caption@flags=\count300
\c@continuedfloat=\count301
)
Package caption Info: New subtype `subfigure' on input line 238.
\c@subfigure=\count302
Package caption Info: New subtype `subtable' on input line 238.
\c@subtable=\count303
) (/opt/texlive/texdir/texmf-dist/tex/latex/booktabs/booktabs.sty
Package: booktabs 2020/01/12 v1.61803398 Publication quality tables
\heavyrulewidth=\dimen167
\lightrulewidth=\dimen168
\cmidrulewidth=\dimen169
\belowrulesep=\dimen170
\belowbottomsep=\dimen171
\aboverulesep=\dimen172
\abovetopsep=\dimen173
\cmidrulesep=\dimen174
\cmidrulekern=\dimen175
\defaultaddspace=\dimen176
\@cmidla=\count304
\@cmidlb=\count305
\@aboverulesep=\dimen177
\@belowrulesep=\dimen178
\@thisruleclass=\count306
\@lastruleclass=\count307
\@thisrulewidth=\dimen179
)
(/opt/texlive/texdir/texmf-dist/tex/latex/base/inputenc.sty
Package: inputenc 2024/02/08 v1.3d Input encoding file
\inpenc@prehook=\toks27
\inpenc@posthook=\toks28
)
(/opt/texlive/texdir/texmf-dist/tex/latex/base/fontenc.sty
Package: fontenc 2021/04/29 v2.0v Standard LaTeX package
)
(/opt/texlive/texdir/texmf-dist/tex/latex/psnfss/mathptmx.sty
Package: mathptmx 2020/03/25 PSNFSS-v9.3 Times w/ Math, improved (SPQR, WaS) 
LaTeX Font Info:    Redeclaring symbol font `operators' on input line 28.
LaTeX Font Info:    Overwriting symbol font `operators' in version `normal'
(Font)                  OT1/cmr/m/n --> OT1/ztmcm/m/n on input line 28.
LaTeX Font Info:    Overwriting symbol font `operators' in version `bold'
(Font)                  OT1/cmr/bx/n --> OT1/ztmcm/m/n on input line 28.
LaTeX Font Info:    Redeclaring symbol font `letters' on input line 29.
LaTeX Font Info:    Overwriting symbol font `letters' in version `normal'
(Font)                  OML/cmm/m/it --> OML/ztmcm/m/it on input line 29.
LaTeX Font Info:    Overwriting symbol font `letters' in version `bold'
(Font)                  OML/cmm/b/it --> OML/ztmcm/m/it on input line 29.
LaTeX Font Info:    Redeclaring symbol font `symbols' on input line 30.
LaTeX Font Info:    Overwriting symbol font `symbols' in version `normal'
(Font)                  OMS/cmsy/m/n --> OMS/ztmcm/m/n on input line 30.
LaTeX Font Info:    Overwriting symbol font `symbols' in version `bold'
(Font)                  OMS/cmsy/b/n --> OMS/ztmcm/m/n on input line 30.
LaTeX Font Info:    Redeclaring symbol font `largesymbols' on input line 31.
LaTeX Font Info:    Overwriting symbol font `largesymbols' in version `normal'
(Font)                  OMX/cmex/m/n --> OMX/ztmcm/m/n on input line 31.
LaTeX Font Info:    Overwriting symbol font `largesymbols' in version `bold'
(Font)                  OMX/cmex/m/n --> OMX/ztmcm/m/n on input line 31.
\symbold=\mathgroup9
\symitalic=\mathgroup10
LaTeX Font Info:    Redeclaring math alphabet \mathbf on input line 34.
LaTeX Font Info:    Redeclaring math alphabet \mathit on input line 35.
LaTeX Font Info:    Overwriting math alphabet `\mathit' in version `normal'
(Font)                  OT1/cmr/m/it --> OT1/ptm/m/it on input line 35.
LaTeX Font Info:    Overwriting math alphabet `\mathit' in version `bold'
(Font)                  OT1/cmr/bx/it --> OT1/ptm/m/it on input line 35.
LaTeX Info: Redefining \hbar on input line 50.
)
(/opt/texlive/texdir/texmf-dist/tex/latex/etoolbox/etoolbox.sty
Package: etoolbox 2025/02/11 v2.5l e-TeX tools for LaTeX (JAW)
\etb@tempcnta=\count308
)
(/opt/texlive/texdir/texmf-dist/tex/latex/enumitem/enumitem.sty
Package: enumitem 2025/02/06 v3.11 Customized lists
\labelindent=\skip58
\enit@outerparindent=\dimen180
\enit@toks=\toks29
\enit@inbox=\box72
\enit@count@id=\count309
\enitdp@description=\count310
)
Class revtex4-1 Info: Unrecognized array package. Please update this document c
lass! (Proceeding with fingers crossed.) on input line 67.
Class revtex4-1 Info: cite was not loaded (OK!) on input line 67.
Class revtex4-1 Info: mcite was not loaded (OK!) on input line 67.
Class revtex4-1 Info: multicol was not loaded (OK!) on input line 67.
LaTeX Font Info:    Trying to load font information for T1+ptm on input line 67
.

(/opt/texlive/texdir/texmf-dist/tex/latex/psnfss/t1ptm.fd
File: t1ptm.fd 2001/06/04 font definitions for T1/ptm.
)
(/opt/texlive/texdir/texmf-dist/tex/latex/l3backend/l3backend-pdftex.def
File: l3backend-pdftex.def 2025-04-14 L3 backend support: PDF output (pdfTeX)
\l__color_backend_stack_int=\count311
)
(./main.aux)
\openout1 = `main.aux'.

LaTeX Font Info:    Checking defaults for OML/cmm/m/it on input line 67.
LaTeX Font Info:    ... okay on input line 67.
LaTeX Font Info:    Checking defaults for OMS/cmsy/m/n on input line 67.
LaTeX Font Info:    ... okay on input line 67.
LaTeX Font Info:    Checking defaults for OT1/cmr/m/n on input line 67.
LaTeX Font Info:    ... okay on input line 67.
LaTeX Font Info:    Checking defaults for T1/cmr/m/n on input line 67.
LaTeX Font Info:    ... okay on input line 67.
LaTeX Font Info:    Checking defaults for TS1/cmr/m/n on input line 67.
LaTeX Font Info:    ... okay on input line 67.
LaTeX Font Info:    Checking defaults for OMX/cmex/m/n on input line 67.
LaTeX Font Info:    ... okay on input line 67.
LaTeX Font Info:    Checking defaults for U/cmr/m/n on input line 67.
LaTeX Font Info:    ... okay on input line 67.

(/opt/texlive/texdir/texmf-dist/tex/context/base/mkii/supp-pdf.mkii
[Loading MPS to PDF converter (version 2006.09.02).]
\scratchcounter=\count312
\scratchdimen=\dimen181
\scratchbox=\box73
\nofMPsegments=\count313
\nofMParguments=\count314
\everyMPshowfont=\toks30
\MPscratchCnt=\count315
\MPscratchDim=\dimen182
\MPnumerator=\count316
\makeMPintoPDFobject=\count317
\everyMPtoPDFconversion=\toks31
) (/opt/texlive/texdir/texmf-dist/tex/latex/epstopdf-pkg/epstopdf-base.sty
Package: epstopdf-base 2020-01-24 v2.11 Base part for package epstopdf
Package epstopdf-base Info: Redefining graphics rule for `.eps' on input line 4
85.

(/opt/texlive/texdir/texmf-dist/tex/latex/latexconfig/epstopdf-sys.cfg
File: epstopdf-sys.cfg 2010/07/13 v1.3 Configuration of (r)epstopdf for TeX Liv
e
))
Package caption Info: Begin \AtBeginDocument code.
Package caption Info: End \AtBeginDocument code.
\openout3 = `mainNotes.bib'.

LaTeX Font Info:    Trying to load font information for OT1+ztmcm on input line
 117.

(/opt/texlive/texdir/texmf-dist/tex/latex/psnfss/ot1ztmcm.fd
File: ot1ztmcm.fd 2000/01/03 Fontinst v1.801 font definitions for OT1/ztmcm.
)
LaTeX Font Info:    Trying to load font information for OML+ztmcm on input line
 117.

(/opt/texlive/texdir/texmf-dist/tex/latex/psnfss/omlztmcm.fd
File: omlztmcm.fd 2000/01/03 Fontinst v1.801 font definitions for OML/ztmcm.
)
LaTeX Font Info:    Trying to load font information for OMS+ztmcm on input line
 117.

(/opt/texlive/texdir/texmf-dist/tex/latex/psnfss/omsztmcm.fd
File: omsztmcm.fd 2000/01/03 Fontinst v1.801 font definitions for OMS/ztmcm.
)
LaTeX Font Info:    Trying to load font information for OMX+ztmcm on input line
 117.

(/opt/texlive/texdir/texmf-dist/tex/latex/psnfss/omxztmcm.fd
File: omxztmcm.fd 2000/01/03 Fontinst v1.801 font definitions for OMX/ztmcm.
)
LaTeX Font Info:    Trying to load font information for OT1+ptm on input line 1
17.

(/opt/texlive/texdir/texmf-dist/tex/latex/psnfss/ot1ptm.fd
File: ot1ptm.fd 2001/06/04 font definitions for OT1/ptm.
)
LaTeX Font Info:    Font shape `OT1/ptm/bx/n' in size <10> not available
(Font)              Font shape `OT1/ptm/b/n' tried instead on input line 117.
LaTeX Font Info:    Font shape `OT1/ptm/bx/n' in size <7.4> not available
(Font)              Font shape `OT1/ptm/b/n' tried instead on input line 117.
LaTeX Font Info:    Font shape `OT1/ptm/bx/n' in size <6> not available
(Font)              Font shape `OT1/ptm/b/n' tried instead on input line 117.
LaTeX Font Info:    Font shape `OT1/ptm/bx/n' in size <9> not available
(Font)              Font shape `OT1/ptm/b/n' tried instead on input line 117.
LaTeX Font Info:    Font shape `OT1/ptm/bx/n' in size <7> not available
(Font)              Font shape `OT1/ptm/b/n' tried instead on input line 117.
LaTeX Font Info:    Font shape `OT1/ptm/bx/n' in size <5> not available
(Font)              Font shape `OT1/ptm/b/n' tried instead on input line 117.
LaTeX Font Info:    Trying to load font information for TS1+ptm on input line 1
22.

(/opt/texlive/texdir/texmf-dist/tex/latex/psnfss/ts1ptm.fd
File: ts1ptm.fd 2001/06/04 font definitions for TS1/ptm.
)
<Figures/hsx_cece.png, id=1, 586.19pt x 131.49126pt>
File: Figures/hsx_cece.png Graphic file (type png)
<use Figures/hsx_cece.png>
Package pdftex.def Info: Figures/hsx_cece.png  used on input line 160.
(pdftex.def)             Requested size: 484.49844pt x 108.68024pt.


LaTeX Warning: Reference `sec:hsx_rad_transport' on page 1 undefined on input l
ine 177.


LaTeX Warning: Reference `sec:hsx_rad_transport' on page 1 undefined on input l
ine 177.

[1{/opt/texlive/texdir/texmf-var/fonts/map/pdftex/updmap/pdftex.map}{/opt/texli
ve/texdir/texmf-dist/fonts/enc/dvips/cm-super/cm-super-t1.enc}{/opt/texlive/tex
dir/texmf-dist/fonts/enc/dvips/base/8r.enc}]

LaTeX Warning: Reference `fig:ece_channel' on page 2 undefined on input line 19
2.


LaTeX Warning: Reference `fig:a2_of_tau_gamma' on page 2 undefined on input lin
e 241.


LaTeX Warning: Reference `sec:vessel_reflect' on page 2 undefined on input line
 241.

[2 <./Figures/hsx_cece.png>]
Underfull \hbox (badness 1460) in paragraph at lines 245--250
\T1/ptm/m/n/10 This form does not as-sume an in-phase re-la-tion-ship of
 []

<Figures/ratio_scan.png, id=25, 421.575pt x 316.3017pt>
File: Figures/ratio_scan.png Graphic file (type png)
<use Figures/ratio_scan.png>
Package pdftex.def Info: Figures/ratio_scan.png  used on input line 260.
(pdftex.def)             Requested size: 229.49844pt x 172.19035pt.
[3 <./Figures/ratio_scan.png (PNG copy)>]

LaTeX Warning: Reference `app:C' on page 4 undefined on input line 290.

<Figures/base_case_ne_a.png, id=29, 421.575pt x 316.3017pt>
File: Figures/base_case_ne_a.png Graphic file (type png)
<use Figures/base_case_ne_a.png>
Package pdftex.def Info: Figures/base_case_ne_a.png  used on input line 297.
(pdftex.def)             Requested size: 229.49844pt x 172.19035pt.
<Figures/base_case_Te_b.png, id=30, 421.575pt x 316.3017pt>
File: Figures/base_case_Te_b.png Graphic file (type png)
<use Figures/base_case_Te_b.png>
Package pdftex.def Info: Figures/base_case_Te_b.png  used on input line 301.
(pdftex.def)             Requested size: 229.49844pt x 172.19035pt.

Package natbib Warning: Citation `foreman2013emcee' on page 4 undefined on inpu
t line 308.


LaTeX Warning: Reference `fig:base_status_plot' on page 4 undefined on input li
ne 308.

<Figures/base_case_overlay_final.png, id=31, 421.575pt x 316.3017pt>
File: Figures/base_case_overlay_final.png Graphic file (type png)
<use Figures/base_case_overlay_final.png>
Package pdftex.def Info: Figures/base_case_overlay_final.png  used on input lin
e 315.
(pdftex.def)             Requested size: 229.49844pt x 172.19035pt.
<Figures/base_case_tau_error2.png, id=32, 421.575pt x 316.3017pt>
File: Figures/base_case_tau_error2.png Graphic file (type png)
<use Figures/base_case_tau_error2.png>
Package pdftex.def Info: Figures/base_case_tau_error2.png  used on input line 3
20.
(pdftex.def)             Requested size: 229.49844pt x 172.19035pt.
[4 <./Figures/base_case_ne_a.png (PNG copy)> <./Figures/base_case_Te_b.png (PNG
 copy)>]

LaTeX Warning: A float is stuck (cannot be placed); try class option [floatfix]
 on input line 330.


LaTeX Warning: Reference `sec:hsx_turbo_review' on page 5 undefined on input li
ne 336.

<Figures/h2_ch4_ne_overlay_a.png, id=36, 421.575pt x 316.3017pt>
File: Figures/h2_ch4_ne_overlay_a.png Graphic file (type png)
<use Figures/h2_ch4_ne_overlay_a.png>
Package pdftex.def Info: Figures/h2_ch4_ne_overlay_a.png  used on input line 34
8.
(pdftex.def)             Requested size: 229.49844pt x 172.19035pt.
<Figures/h2_ch4_Te_overlay_b.png, id=37, 421.575pt x 316.3017pt>
File: Figures/h2_ch4_Te_overlay_b.png Graphic file (type png)
<use Figures/h2_ch4_Te_overlay_b.png>
Package pdftex.def Info: Figures/h2_ch4_Te_overlay_b.png  used on input line 35
3.
(pdftex.def)             Requested size: 229.49844pt x 172.19035pt.
<Figures/ch4_flucs_summary_final.png, id=38, 421.575pt x 316.3017pt>
File: Figures/ch4_flucs_summary_final.png Graphic file (type png)
<use Figures/ch4_flucs_summary_final.png>
Package pdftex.def Info: Figures/ch4_flucs_summary_final.png  used on input lin
e 358.
(pdftex.def)             Requested size: 229.49844pt x 172.19035pt.
<Figures/ch4_base_case_gradient_scale_length_cmpr.png, id=39, 421.575pt x 316.3
017pt>
File: Figures/ch4_base_case_gradient_scale_length_cmpr.png Graphic file (type p
ng)
<use Figures/ch4_base_case_gradient_scale_length_cmpr.png>
Package pdftex.def Info: Figures/ch4_base_case_gradient_scale_length_cmpr.png  
used on input line 363.
(pdftex.def)             Requested size: 229.49844pt x 172.19035pt.
<Figures/ch4_flucs_sys_err.png, id=40, 421.575pt x 316.3017pt>
File: Figures/ch4_flucs_sys_err.png Graphic file (type png)
<use Figures/ch4_flucs_sys_err.png>
Package pdftex.def Info: Figures/ch4_flucs_sys_err.png  used on input line 369.

(pdftex.def)             Requested size: 229.49844pt x 172.19035pt.
[5 <./Figures/base_case_overlay_final.png (PNG copy)> <./Figures/base_case_tau_
error2.png (PNG copy)>] [6 <./Figures/h2_ch4_ne_overlay_a.png (PNG copy)> <./Fi
gures/h2_ch4_Te_overlay_b.png (PNG copy)> <./Figures/ch4_flucs_summary_final.pn
g (PNG copy)> <./Figures/ch4_base_case_gradient_scale_length_cmpr.png (PNG copy
)> <./Figures/ch4_flucs_sys_err.png (PNG copy)>]
<Figures/ne_ch4_h2_overlay.png, id=48, 421.575pt x 316.18124pt>
File: Figures/ne_ch4_h2_overlay.png Graphic file (type png)
<use Figures/ne_ch4_h2_overlay.png>
Package pdftex.def Info: Figures/ne_ch4_h2_overlay.png  used on input line 386.

(pdftex.def)             Requested size: 249.9028pt x 187.42819pt.
<Figures/Te_ch4_h2_overlay.png, id=49, 421.575pt x 316.3017pt>
File: Figures/Te_ch4_h2_overlay.png Graphic file (type png)
<use Figures/Te_ch4_h2_overlay.png>
Package pdftex.def Info: Figures/Te_ch4_h2_overlay.png  used on input line 391.

(pdftex.def)             Requested size: 249.9028pt x 187.4996pt.
<Figures/fluc_ch4_h2_overlay.png, id=50, 420.8523pt x 315.3381pt>
File: Figures/fluc_ch4_h2_overlay.png Graphic file (type png)
<use Figures/fluc_ch4_h2_overlay.png>
Package pdftex.def Info: Figures/fluc_ch4_h2_overlay.png  used on input line 39
9.
(pdftex.def)             Requested size: 229.49844pt x 171.9593pt.


LaTeX Warning: Reference `eq:M3' on page 7 undefined on input line 420.

<Figures/dB_omte_a_annotated2.png, id=51, 421.575pt x 316.3017pt>
File: Figures/dB_omte_a_annotated2.png Graphic file (type png)
<use Figures/dB_omte_a_annotated2.png>
Package pdftex.def Info: Figures/dB_omte_a_annotated2.png  used on input line 4
28.
(pdftex.def)             Requested size: 249.9028pt x 187.4996pt.
<Figures/dB_omne_b_annotated2.png, id=52, 421.575pt x 316.18124pt>
File: Figures/dB_omne_b_annotated2.png Graphic file (type png)
<use Figures/dB_omne_b_annotated2.png>
Package pdftex.def Info: Figures/dB_omne_b_annotated2.png  used on input line 4
33.
(pdftex.def)             Requested size: 249.9028pt x 187.42819pt.
<Figures/limdB_omte_c_tighter_line.png, id=53, 421.575pt x 316.3017pt>
File: Figures/limdB_omte_c_tighter_line.png Graphic file (type png)
<use Figures/limdB_omte_c_tighter_line.png>
Package pdftex.def Info: Figures/limdB_omte_c_tighter_line.png  used on input l
ine 438.
(pdftex.def)             Requested size: 249.9028pt x 187.4996pt.
<Figures/limdB_omn_d_tighter_err.png, id=54, 421.575pt x 316.3017pt>
File: Figures/limdB_omn_d_tighter_err.png Graphic file (type png)
<use Figures/limdB_omn_d_tighter_err.png>
Package pdftex.def Info: Figures/limdB_omn_d_tighter_err.png  used on input lin
e 442.
(pdftex.def)             Requested size: 249.9028pt x 187.4996pt.
[7]
<Figures/dB_dTe.png, id=59, 421.575pt x 316.18124pt>
File: Figures/dB_dTe.png Graphic file (type png)
<use Figures/dB_dTe.png>
Package pdftex.def Info: Figures/dB_dTe.png  used on input line 457.
(pdftex.def)             Requested size: 229.49844pt x 172.12479pt.


LaTeX Warning: Reference `sec:hsx_turbo_review' on page 8 undefined on input li
ne 467.

[8 <./Figures/ne_ch4_h2_overlay.png (PNG copy)> <./Figures/Te_ch4_h2_overlay.pn
g (PNG copy)> <./Figures/fluc_ch4_h2_overlay.png (PNG copy)>]
<Figures/very_cropped_cece_overlay_fig.png, id=63, 259.97125pt x 250.9375pt>
File: Figures/very_cropped_cece_overlay_fig.png Graphic file (type png)
<use Figures/very_cropped_cece_overlay_fig.png>
Package pdftex.def Info: Figures/very_cropped_cece_overlay_fig.png  used on inp
ut line 481.
(pdftex.def)             Requested size: 229.49844pt x 221.52254pt.


LaTeX Warning: Reference `eq:Bxyz' on page 9 undefined on input line 488.

[9 <./Figures/dB_omte_a_annotated2.png (PNG copy)> <./Figures/dB_omne_b_annotat
ed2.png (PNG copy)> <./Figures/limdB_omte_c_tighter_line.png (PNG copy)> <./Fig
ures/limdB_omn_d_tighter_err.png (PNG copy)>]

LaTeX Warning: A float is stuck (cannot be placed); try class option [floatfix]
 on input line 489.


Overfull \hbox (36.3059pt too wide) detected at line 492
[]
 []


LaTeX Warning: Reference `fig:synth_sigs_unfilt_filt' on page 10 undefined on i
nput line 510.


Underfull \hbox (badness 1314) in paragraph at lines 510--511
\T1/ptm/m/n/10 mea-sured spec-trum of ra-di-a-tion tem-per-a-ture fluc-tu-a-tio
ns.
 []

<Figures/pxx_raw_vs_psf_a.png, id=67, 391.7034pt x 312.6882pt>
File: Figures/pxx_raw_vs_psf_a.png Graphic file (type png)
<use Figures/pxx_raw_vs_psf_a.png>
Package pdftex.def Info: Figures/pxx_raw_vs_psf_a.png  used on input line 516.
(pdftex.def)             Requested size: 249.9028pt x 199.4995pt.
<Figures/pxy_raw_vs_psf_a.png, id=68, 391.7034pt x 312.6882pt>
File: Figures/pxy_raw_vs_psf_a.png Graphic file (type png)
<use Figures/pxy_raw_vs_psf_a.png>
Package pdftex.def Info: Figures/pxy_raw_vs_psf_a.png  used on input line 521.
(pdftex.def)             Requested size: 249.9028pt x 199.4995pt.

LaTeX Warning: Reference `fig:synth_sigs_unfilt_filt' on page 10 undefined on i
nput line 536.

[10 <./Figures/dB_dTe.png (PNG copy)> <./Figures/very_cropped_cece_overlay_fig.
png>]
<Figures/kxkycontour_omte4.png, id=73, 754.236pt x 297.402pt>
File: Figures/kxkycontour_omte4.png Graphic file (type png)
<use Figures/kxkycontour_omte4.png>
Package pdftex.def Info: Figures/kxkycontour_omte4.png  used on input line 540.

(pdftex.def)             Requested size: 510.0pt x 201.10071pt.


LaTeX Warning: Reference `app:D' on page 11 undefined on input line 549.


LaTeX Warning: Reference `app:D' on page 11 undefined on input line 558.

[11 <./Figures/pxx_raw_vs_psf_a.png (PNG copy)> <./Figures/pxy_raw_vs_psf_a.png
 (PNG copy)>]
<Figures/omne_fluc_summary.png, id=77, 368.577pt x 297.9933pt>
File: Figures/omne_fluc_summary.png Graphic file (type png)
<use Figures/omne_fluc_summary.png>
Package pdftex.def Info: Figures/omne_fluc_summary.png  used on input line 564.

(pdftex.def)             Requested size: 249.9028pt x 202.05074pt.
<Figures/omne_a2.png, id=78, 368.577pt x 298.059pt>
File: Figures/omne_a2.png Graphic file (type png)
<use Figures/omne_a2.png>
Package pdftex.def Info: Figures/omne_a2.png  used on input line 569.
(pdftex.def)             Requested size: 249.9028pt x 202.09529pt.
<Figures/omte_fluc_summary.png, id=79, 368.577pt x 297.9933pt>
File: Figures/omte_fluc_summary.png Graphic file (type png)
<use Figures/omte_fluc_summary.png>
Package pdftex.def Info: Figures/omte_fluc_summary.png  used on input line 587.

(pdftex.def)             Requested size: 249.9028pt x 202.05074pt.
<Figures/omte_a2.png, id=80, 368.577pt x 298.059pt>
File: Figures/omte_a2.png Graphic file (type png)
<use Figures/omte_a2.png>
Package pdftex.def Info: Figures/omte_a2.png  used on input line 592.
(pdftex.def)             Requested size: 249.9028pt x 202.09529pt.


LaTeX Warning: Reference `fig:omt_crossphase' on page 12 undefined on input lin
e 599.

<Figures/gene_vs_exp_linear.png, id=81, 391.7034pt x 312.6882pt>
File: Figures/gene_vs_exp_linear.png Graphic file (type png)
<use Figures/gene_vs_exp_linear.png>
Package pdftex.def Info: Figures/gene_vs_exp_linear.png  used on input line 611
.
(pdftex.def)             Requested size: 229.49844pt x 183.21051pt.
<Figures/gene_vs_exp_log.png, id=82, 394.8351pt x 292.9344pt>
File: Figures/gene_vs_exp_log.png Graphic file (type png)
<use Figures/gene_vs_exp_log.png>
Package pdftex.def Info: Figures/gene_vs_exp_log.png  used on input line 615.
(pdftex.def)             Requested size: 229.49844pt x 170.26859pt.

LaTeX Warning: Reference `tab:sim_input_vs_exp' on page 12 undefined on input l
ine 642.


LaTeX Warning: Reference `eq:Qe_es' on page 12 undefined on input line 643.

[12 <./Figures/kxkycontour_omte4.png>]

LaTeX Warning: Reference `fig:nT_gk' on page 13 undefined on input line 646.


LaTeX Warning: Reference `fig:nT_gk' on page 13 undefined on input line 646.


LaTeX Warning: Reference `fig:nT_gk' on page 13 undefined on input line 646.


LaTeX Warning: Reference `fig:nT_gk' on page 13 undefined on input line 646.

[13 <./Figures/omne_fluc_summary.png (PNG copy)> <./Figures/omne_a2.png> <./Fig
ures/omte_fluc_summary.png (PNG copy)> <./Figures/omte_a2.png>]

LaTeX Warning: Reference `app:D' on page 14 undefined on input line 649.

<Figures/db_exp_vs_sim_final_line_nobar.png, id=93, 421.575pt x 316.18124pt>
File: Figures/db_exp_vs_sim_final_line_nobar.png Graphic file (type png)
<use Figures/db_exp_vs_sim_final_line_nobar.png>
Package pdftex.def Info: Figures/db_exp_vs_sim_final_line_nobar.png  used on in
put line 657.
(pdftex.def)             Requested size: 255.0pt x 191.25406pt.

Overfull \hbox (9.0pt too wide) in paragraph at lines 657--659
 [][] 
 []

[14 <./Figures/gene_vs_exp_linear.png (PNG copy)> <./Figures/gene_vs_exp_log.pn
g (PNG copy)>]

LaTeX Warning: A float is stuck (cannot be placed); try class option [floatfix]
 on input line 668.

(./main.bbl
LaTeX Font Info:    Font shape `OT1/ptm/bx/n' in size <8> not available
(Font)              Font shape `OT1/ptm/b/n' tried instead on input line 9.

Underfull \hbox (badness 1127) in paragraph at lines 147--150
 []\T1/ptm/m/n/8 C. Hol-land, A. White, G. Mc-Kee, M. Shafer, J. Candy, R. Walt
z,
 []

)

Package natbib Warning: There were undefined citations.

[15 <./Figures/db_exp_vs_sim_final_line_nobar.png (PNG copy)>] (./main.aux)
 ***********
LaTeX2e <2024-11-01> patch level 2
L3 programming layer <2025-04-29>
 ***********


LaTeX Warning: There were undefined references.

 ) 
Here is how much of TeX's memory you used:
 7948 strings out of 469590
 123155 string characters out of 5472431
 536313 words of memory out of 5000000
 34663 multiletter control sequences out of 15000+600000
 709512 words of font info for 175 fonts, out of 8000000 for 9000
 1141 hyphenation exceptions out of 8191
 71i,12n,79p,1826b,665s stack positions out of 10000i,1000n,20000p,200000b,200000s
</opt/texlive/texdir/texmf-dist/fonts/type1/public/amsfonts/cm/cmex10.pfb></o
pt/texlive/texdir/texmf-dist/fonts/type1/public/amsfonts/cm/cmmi10.pfb></opt/te
xlive/texdir/texmf-dist/fonts/type1/public/amsfonts/cm/cmr10.pfb></opt/texlive/
texdir/texmf-dist/fonts/type1/public/amsfonts/cm/cmsy10.pfb></opt/texlive/texdi
r/texmf-dist/fonts/type1/public/amsfonts/symbols/msam10.pfb></opt/texlive/texdi
r/texmf-dist/fonts/type1/public/cm-super/sfss0800.pfb></opt/texlive/texdir/texm
f-dist/fonts/type1/public/cm-super/sfss1000.pfb></opt/texlive/texdir/texmf-dist
/fonts/type1/public/cm-super/sfsx0900.pfb></opt/texlive/texdir/texmf-dist/fonts
/type1/public/cm-super/sfsx1440.pfb></opt/texlive/texdir/texmf-dist/fonts/type1
/urw/symbol/usyr.pfb></opt/texlive/texdir/texmf-dist/fonts/type1/urw/symbol/usy
r.pfb></opt/texlive/texdir/texmf-dist/fonts/type1/urw/times/utmb8a.pfb></opt/te
xlive/texdir/texmf-dist/fonts/type1/urw/times/utmr8a.pfb></opt/texlive/texdir/t
exmf-dist/fonts/type1/urw/times/utmri8a.pfb>
Output written on main.pdf (15 pages, 2621113 bytes).
PDF statistics:
 161 PDF objects out of 1000 (max. 8388607)
 80 compressed objects within 1 object stream
 0 named destinations out of 1000 (max. 500000)
 151 words of extra memory for PDF output out of 10000 (max. 10000000)

